cl : command line warning D9035: option 'Gm' has been deprecated and will be removed in a future release
  ToPlayModeAction.cpp
  ToDesignModeAction.cpp
  Snake.cpp
  SaveGridAction.cpp
  RollDiceAction.cpp
  Main.cpp
  Player.cpp
E:\T8\T8\Player.cpp(9,12): warning C4553: '==': result of expression not used; did you intend '='?
  PasteCardAction.cpp
  Output.cpp
  OpenGridAction.cpp
  NewGameAction.cpp
  Ladder.cpp
  InputDiceValueAction.cpp
  Input.cpp
  Grid.cpp
  GameObject.cpp
  ExitAction.cpp
  EditCardAction.cpp
  DeleteGameObjectAction.cpp
  CutCardAction.cpp
  Generating Code...
E:\T8\T8\Grid.cpp(95): warning C4715: 'Grid::GetCard': not all control paths return a value
  Compiling...
  CopyCardAction.cpp
  windowinput.cpp
  mousequeue.cpp
  keyqueue.cpp
  image.cpp
E:\T8\T8\CMUgraphicsLib\image.cpp(115,29): warning C4018: '<': signed/unsigned mismatch
  colors.cpp
  CMUgraphics.cpp
E:\T8\T8\CMUgraphicsLib\CMUgraphics.cpp(257,9): warning C4101: 'iX': unreferenced local variable
E:\T8\T8\CMUgraphicsLib\CMUgraphics.cpp(257,13): warning C4101: 'iY': unreferenced local variable
E:\T8\T8\CMUgraphicsLib\CMUgraphics.cpp(751,1): warning C4996: 'strcpy': This function or variable may be unsafe. Consider using strcpy_s instead. To disable deprecation, use _CRT_SECURE_NO_WARNINGS. See online help for details.
C:\Program Files (x86)\Windows Kits\10\Include\10.0.18362.0\ucrt\string.h(133): message : see declaration of 'strcpy'
E:\T8\T8\CMUgraphicsLib\CMUgraphics.cpp(1164,1): warning C4996: 'sprintf': This function or variable may be unsafe. Consider using sprintf_s instead. To disable deprecation, use _CRT_SECURE_NO_WARNINGS. See online help for details.
C:\Program Files (x86)\Windows Kits\10\Include\10.0.18362.0\ucrt\stdio.h(1774): message : see declaration of 'sprintf'
E:\T8\T8\CMUgraphicsLib\CMUgraphics.cpp(1171,1): warning C4996: 'sprintf': This function or variable may be unsafe. Consider using sprintf_s instead. To disable deprecation, use _CRT_SECURE_NO_WARNINGS. See online help for details.
C:\Program Files (x86)\Windows Kits\10\Include\10.0.18362.0\ucrt\stdio.h(1774): message : see declaration of 'sprintf'
E:\T8\T8\CMUgraphicsLib\CMUgraphics.cpp(1202,1): warning C4996: 'sprintf': This function or variable may be unsafe. Consider using sprintf_s instead. To disable deprecation, use _CRT_SECURE_NO_WARNINGS. See online help for details.
C:\Program Files (x86)\Windows Kits\10\Include\10.0.18362.0\ucrt\stdio.h(1774): message : see declaration of 'sprintf'
E:\T8\T8\CMUgraphicsLib\CMUgraphics.cpp(1210,1): warning C4996: 'sprintf': This function or variable may be unsafe. Consider using sprintf_s instead. To disable deprecation, use _CRT_SECURE_NO_WARNINGS. See online help for details.
C:\Program Files (x86)\Windows Kits\10\Include\10.0.18362.0\ucrt\stdio.h(1774): message : see declaration of 'sprintf'
E:\T8\T8\CMUgraphicsLib\CMUgraphics.cpp(1357,23): warning C4018: '>': signed/unsigned mismatch
  auxil.cpp
  CellPosition.cpp
  Cell.cpp
  CardTwo.cpp
  CardTwelve.cpp
  CardThree.cpp
  CardThirteen.cpp
  CardTen.cpp
  CardSix.cpp
  CardSeven.cpp
  CardOne.cpp
  CardNine.cpp
  CardFourteen.cpp
  Generating Code...
  Compiling...
  CardFour.cpp
  CardFive.cpp
  CardEleven.cpp
  CardEight.cpp
  Card.cpp
  ApplicationManager.cpp
  AddSnakeAction.cpp
  AddLadderAction.cpp
  AddCardAction.cpp
  Action.cpp
  Generating Code...
cl : command line warning D9035: option 'Gm' has been deprecated and will be removed in a future release
  jutils.c
  jquant2.c
  jquant1.c
  jmemnobs.c
  jmemmgr.c
E:\T8\T8\CMUgraphicsLib\jpeg\jmemmgr.c(1103,1): warning C4996: 'getenv': This function or variable may be unsafe. Consider using _dupenv_s instead. To disable deprecation, use _CRT_SECURE_NO_WARNINGS. See online help for details.
C:\Program Files (x86)\Windows Kits\10\Include\10.0.18362.0\ucrt\stdlib.h(1191): message : see declaration of 'getenv'
E:\T8\T8\CMUgraphicsLib\jpeg\jmemmgr.c(1106,1): warning C4996: 'sscanf': This function or variable may be unsafe. Consider using sscanf_s instead. To disable deprecation, use _CRT_SECURE_NO_WARNINGS. See online help for details.
C:\Program Files (x86)\Windows Kits\10\Include\10.0.18362.0\ucrt\stdio.h(2263): message : see declaration of 'sscanf'
  jidctred.c
  jidctint.c
  jidctfst.c
  jidctflt.c
  jerror.c
E:\T8\T8\CMUgraphicsLib\jpeg\jerror.c(169,1): warning C4996: 'sprintf': This function or variable may be unsafe. Consider using sprintf_s instead. To disable deprecation, use _CRT_SECURE_NO_WARNINGS. See online help for details.
C:\Program Files (x86)\Windows Kits\10\Include\10.0.18362.0\ucrt\stdio.h(1774): message : see declaration of 'sprintf'
E:\T8\T8\CMUgraphicsLib\jpeg\jerror.c(171,1): warning C4996: 'sprintf': This function or variable may be unsafe. Consider using sprintf_s instead. To disable deprecation, use _CRT_SECURE_NO_WARNINGS. See online help for details.
C:\Program Files (x86)\Windows Kits\10\Include\10.0.18362.0\ucrt\stdio.h(1774): message : see declaration of 'sprintf'
  jdtrans.c
  jdsample.c
  jdpostct.c
  jdphuff.c
  jdmerge.c
  jdmaster.c
  jdmarker.c
  jdmainct.c
  jdinput.c
  jdhuff.c
  Generating Code...
  Compiling...
  jddctmgr.c
  jdcolor.c
  jdcoefct.c
  jdatasrc.c
  jdapistd.c
  jdapimin.c
  jcparam.c
  jcomapi.c
  jpegload.c
E:\T8\T8\CMUgraphicsLib\jpegload.c(23,1): warning C4996: 'fopen': This function or variable may be unsafe. Consider using fopen_s instead. To disable deprecation, use _CRT_SECURE_NO_WARNINGS. See online help for details.
C:\Program Files (x86)\Windows Kits\10\Include\10.0.18362.0\ucrt\stdio.h(208): message : see declaration of 'fopen'
  Generating Code...
Action.obj : warning LNK4075: ignoring '/EDITANDCONTINUE' due to '/SAFESEH' specification
  PT-Project.vcxproj -> E:\T8\T8\.\Debug\PT Project.exe
